C:\USERS\BLNJ\DOCUMENTS\VISUAL STUDIO 2012\PROJECTS\DIALOG\DIALOG\DEBUG\DIALOG.PCH
C:\USERS\BLNJ\DOCUMENTS\VISUAL STUDIO 2012\PROJECTS\DIALOG\DIALOG\DEBUG\STDAFX.OBJ
C:\USERS\BLNJ\DOCUMENTS\VISUAL STUDIO 2012\PROJECTS\DIALOG\DIALOG\DEBUG\VC110.PDB
C:\USERS\BLNJ\DOCUMENTS\VISUAL STUDIO 2012\PROJECTS\DIALOG\DIALOG\DEBUG\CVVIMAGE.OBJ
C:\USERS\BLNJ\DOCUMENTS\VISUAL STUDIO 2012\PROJECTS\DIALOG\DIALOG\DEBUG\DIALOG.OBJ
C:\USERS\BLNJ\DOCUMENTS\VISUAL STUDIO 2012\PROJECTS\DIALOG\DIALOG\DEBUG\DIALOGDLG.OBJ
C:\USERS\BLNJ\DOCUMENTS\VISUAL STUDIO 2012\PROJECTS\DIALOG\DIALOG\DEBUG\GATHERDLG.OBJ
C:\USERS\BLNJ\DOCUMENTS\VISUAL STUDIO 2012\PROJECTS\DIALOG\DIALOG\DEBUG\MATCHDLG.OBJ
C:\USERS\BLNJ\DOCUMENTS\VISUAL STUDIO 2012\PROJECTS\DIALOG\DIALOG\DEBUG\REGISTERDLG.OBJ
C:\USERS\BLNJ\DOCUMENTS\VISUAL STUDIO 2012\PROJECTS\DIALOG\DIALOG\DEBUG\MSGDLG.OBJ
C:\USERS\BLNJ\DOCUMENTS\VISUAL STUDIO 2012\PROJECTS\DIALOG\DEBUG\DIALOG.ILK
C:\USERS\BLNJ\DOCUMENTS\VISUAL STUDIO 2012\PROJECTS\DIALOG\DEBUG\DIALOG.EXE
C:\USERS\BLNJ\DOCUMENTS\VISUAL STUDIO 2012\PROJECTS\DIALOG\DEBUG\DIALOG.PDB
C:\USERS\BLNJ\DOCUMENTS\VISUAL STUDIO 2012\PROJECTS\DIALOG\DIALOG\DEBUG\DIALOG.RES
C:\Users\Blnj\Documents\Visual Studio 2012\Projects\Dialog\Dialog\Debug\CvvImage.obj
C:\Users\Blnj\Documents\Visual Studio 2012\Projects\Dialog\Dialog\Debug\Dialog.obj
C:\Users\Blnj\Documents\Visual Studio 2012\Projects\Dialog\Dialog\Debug\DialogDlg.obj
C:\Users\Blnj\Documents\Visual Studio 2012\Projects\Dialog\Dialog\Debug\GatherDlg.obj
C:\Users\Blnj\Documents\Visual Studio 2012\Projects\Dialog\Dialog\Debug\MatchDlg.obj
C:\Users\Blnj\Documents\Visual Studio 2012\Projects\Dialog\Dialog\Debug\MsgDlg.obj
C:\Users\Blnj\Documents\Visual Studio 2012\Projects\Dialog\Dialog\Debug\RegisterDlg.obj
C:\Users\Blnj\Documents\Visual Studio 2012\Projects\Dialog\Dialog\Debug\stdafx.obj
C:\Users\Blnj\Documents\Visual Studio 2012\Projects\Dialog\Dialog\Debug\cl.command.1.tlog
C:\Users\Blnj\Documents\Visual Studio 2012\Projects\Dialog\Dialog\Debug\CL.read.1.tlog
C:\Users\Blnj\Documents\Visual Studio 2012\Projects\Dialog\Dialog\Debug\CL.write.1.tlog
C:\Users\Blnj\Documents\Visual Studio 2012\Projects\Dialog\Dialog\Debug\link-cvtres.read.1.tlog
C:\Users\Blnj\Documents\Visual Studio 2012\Projects\Dialog\Dialog\Debug\link-cvtres.write.1.tlog
C:\Users\Blnj\Documents\Visual Studio 2012\Projects\Dialog\Dialog\Debug\link-mt.read.1.tlog
C:\Users\Blnj\Documents\Visual Studio 2012\Projects\Dialog\Dialog\Debug\link-mt.write.1.tlog
C:\Users\Blnj\Documents\Visual Studio 2012\Projects\Dialog\Dialog\Debug\link-rc.read.1.tlog
C:\Users\Blnj\Documents\Visual Studio 2012\Projects\Dialog\Dialog\Debug\link-rc.write.1.tlog
C:\Users\Blnj\Documents\Visual Studio 2012\Projects\Dialog\Dialog\Debug\link.376-cvtres.read.1.tlog
C:\Users\Blnj\Documents\Visual Studio 2012\Projects\Dialog\Dialog\Debug\link.376-cvtres.write.1.tlog
C:\Users\Blnj\Documents\Visual Studio 2012\Projects\Dialog\Dialog\Debug\link.376-mt.read.1.tlog
C:\Users\Blnj\Documents\Visual Studio 2012\Projects\Dialog\Dialog\Debug\link.376-mt.write.1.tlog
C:\Users\Blnj\Documents\Visual Studio 2012\Projects\Dialog\Dialog\Debug\link.376-rc.read.1.tlog
C:\Users\Blnj\Documents\Visual Studio 2012\Projects\Dialog\Dialog\Debug\link.376-rc.write.1.tlog
C:\Users\Blnj\Documents\Visual Studio 2012\Projects\Dialog\Dialog\Debug\link.376.read.1.tlog
C:\Users\Blnj\Documents\Visual Studio 2012\Projects\Dialog\Dialog\Debug\link.376.write.1.tlog
C:\Users\Blnj\Documents\Visual Studio 2012\Projects\Dialog\Dialog\Debug\link.4680-cvtres.read.1.tlog
C:\Users\Blnj\Documents\Visual Studio 2012\Projects\Dialog\Dialog\Debug\link.4680-cvtres.write.1.tlog
C:\Users\Blnj\Documents\Visual Studio 2012\Projects\Dialog\Dialog\Debug\link.4680-mt.read.1.tlog
C:\Users\Blnj\Documents\Visual Studio 2012\Projects\Dialog\Dialog\Debug\link.4680-mt.write.1.tlog
C:\Users\Blnj\Documents\Visual Studio 2012\Projects\Dialog\Dialog\Debug\link.4680-rc.read.1.tlog
C:\Users\Blnj\Documents\Visual Studio 2012\Projects\Dialog\Dialog\Debug\link.4680-rc.write.1.tlog
C:\Users\Blnj\Documents\Visual Studio 2012\Projects\Dialog\Dialog\Debug\link.4680.read.1.tlog
C:\Users\Blnj\Documents\Visual Studio 2012\Projects\Dialog\Dialog\Debug\link.4680.write.1.tlog
C:\Users\Blnj\Documents\Visual Studio 2012\Projects\Dialog\Dialog\Debug\link.6424-cvtres.read.1.tlog
C:\Users\Blnj\Documents\Visual Studio 2012\Projects\Dialog\Dialog\Debug\link.6424-cvtres.write.1.tlog
C:\Users\Blnj\Documents\Visual Studio 2012\Projects\Dialog\Dialog\Debug\link.6424-mt.read.1.tlog
C:\Users\Blnj\Documents\Visual Studio 2012\Projects\Dialog\Dialog\Debug\link.6424-mt.write.1.tlog
C:\Users\Blnj\Documents\Visual Studio 2012\Projects\Dialog\Dialog\Debug\link.6424-rc.read.1.tlog
C:\Users\Blnj\Documents\Visual Studio 2012\Projects\Dialog\Dialog\Debug\link.6424-rc.write.1.tlog
C:\Users\Blnj\Documents\Visual Studio 2012\Projects\Dialog\Dialog\Debug\link.6424.read.1.tlog
C:\Users\Blnj\Documents\Visual Studio 2012\Projects\Dialog\Dialog\Debug\link.6424.write.1.tlog
C:\Users\Blnj\Documents\Visual Studio 2012\Projects\Dialog\Dialog\Debug\link.command.1.tlog
C:\Users\Blnj\Documents\Visual Studio 2012\Projects\Dialog\Dialog\Debug\link.read.1.tlog
C:\Users\Blnj\Documents\Visual Studio 2012\Projects\Dialog\Dialog\Debug\link.write.1.tlog
C:\Users\Blnj\Documents\Visual Studio 2012\Projects\Dialog\Dialog\Debug\rc.command.1.tlog
C:\Users\Blnj\Documents\Visual Studio 2012\Projects\Dialog\Dialog\Debug\rc.read.1.tlog
C:\Users\Blnj\Documents\Visual Studio 2012\Projects\Dialog\Dialog\Debug\rc.write.1.tlog
C:\Users\Blnj\Documents\Visual Studio 2012\Projects\Dialog\Dialog\Debug\Dialog.res
C:\Users\Blnj\Documents\Visual Studio 2012\Projects\Dialog\Dialog\Debug\Dialog.pch
C:\Users\Blnj\Documents\Visual Studio 2012\Projects\Dialog\Dialog\Debug\vc110.idb
C:\Users\Blnj\Documents\Visual Studio 2012\Projects\Dialog\Dialog\Debug\vc110.pdb
C:\Users\Blnj\Documents\Visual Studio 2012\Projects\Dialog\Debug\Dialog.pdb
C:\Users\Blnj\Documents\Visual Studio 2012\Projects\Dialog\Debug\Dialog.exe
C:\Users\Blnj\Documents\Visual Studio 2012\Projects\Dialog\Debug\Dialog.ilk
